Using pre-set license
Built from '2020.3/release' branch; Version is '2020.3.1f1 (77a89f25062f) revision 7841951'; Using compiler version '192528614'; Build Type 'Release'
OS: 'Windows 10 Home; OS build 19043.1526; Version 2009; 64bit' Language: 'ko' Physical Memory: 16318 MB
BatchMode: 1, IsHumanControllingUs: 0, StartBugReporterOnCrash: 0, Is64bit: 1, IsPro: 0

 COMMAND LINE ARGUMENTS:
C:\Program Files\Unity\Hub\Editor\2020.3.1f1\Editor\Unity.exe
-adb2
-batchMode
-noUpm
-name
AssetImportWorker0
-projectPath
C:/Users/82108/Documents/GitHub/Escape-of-Death/Escape of Death
-logFile
Logs/AssetImportWorker0.log
-srvPort
4297
Successfully changed project path to: C:/Users/82108/Documents/GitHub/Escape-of-Death/Escape of Death
C:/Users/82108/Documents/GitHub/Escape-of-Death/Escape of Death
Using Asset Import Pipeline V2.
Refreshing native plugins compatible for Editor in 29.53 ms, found 0 plugins.
Preloading 0 native plugins for Editor in 0.00 ms.
Initialize engine version: 2020.3.1f1 (77a89f25062f)
[Subsystems] Discovering subsystems at path C:/Program Files/Unity/Hub/Editor/2020.3.1f1/Editor/Data/Resources/UnitySubsystems
[Subsystems] Discovering subsystems at path C:/Users/82108/Documents/GitHub/Escape-of-Death/Escape of Death/Assets
GfxDevice: creating device client; threaded=0
Direct3D:
    Version:  Direct3D 11.0 [level 11.1]
    Renderer: NVIDIA GeForce RTX 2060 (ID=0x1e89)
    Vendor:   
    VRAM:     5967 MB
    Driver:   27.21.14.5671
Shader 'Custom/Water': fallback shader 'Legacy Shaders/Transparent/Vertexlit' not found
Initialize mono
Mono path[0] = 'C:/Program Files/Unity/Hub/Editor/2020.3.1f1/Editor/Data/Managed'
Mono path[1] = 'C:/Program Files/Unity/Hub/Editor/2020.3.1f1/Editor/Data/MonoBleedingEdge/lib/mono/unityjit'
Mono config path = 'C:/Program Files/Unity/Hub/Editor/2020.3.1f1/Editor/Data/MonoBleedingEdge/etc'
Using monoOptions --debugger-agent=transport=dt_socket,embedding=1,server=y,suspend=n,address=127.0.0.1:56244
Begin MonoManager ReloadAssembly
Registering precompiled unity dll's ...
Register platform support module: C:/Program Files/Unity/Hub/Editor/2020.3.1f1/Editor/Data/PlaybackEngines/WindowsStandaloneSupport/UnityEditor.WindowsStandalone.Extensions.dll
Registered in 0.002766 seconds.
Native extension for WindowsStandalone target not found
Refreshing native plugins compatible for Editor in 28.20 ms, found 0 plugins.
Preloading 0 native plugins for Editor in 0.00 ms.
Invoked RoslynAnalysisRunner static constructor.
RoslynAnalysisRunner will not be running.
RoslynAnalysisRunner has terminated.
Mono: successfully reloaded assembly
- Completed reload, in  1.022 seconds
Platform modules already initialized, skipping
Registering precompiled user dll's ...
Registered in 0.002433 seconds.
Begin MonoManager ReloadAssembly
Native extension for WindowsStandalone target not found
Refreshing native plugins compatible for Editor in 0.33 ms, found 0 plugins.
Preloading 0 native plugins for Editor in 0.00 ms.
Invoked RoslynAnalysisRunner static constructor.
RoslynAnalysisRunner will not be running.
RoslynAnalysisRunner has terminated.
Mono: successfully reloaded assembly
- Completed reload, in  0.753 seconds
Platform modules already initialized, skipping
========================================================================
Worker process is ready to serve import requests
Shader 'Custom/Water': fallback shader 'Legacy Shaders/Transparent/Vertexlit' not found
Launched and connected shader compiler UnityShaderCompiler.exe after 0.04 seconds
Refreshing native plugins compatible for Editor in 0.56 ms, found 0 plugins.
Preloading 0 native plugins for Editor in 0.00 ms.
Unloading 1217 Unused Serialized files (Serialized files now loaded: 0)
System memory in use before: 66.2 MB.
System memory in use after: 66.3 MB.

Unloading 12 unused Assets to reduce memory usage. Loaded Objects now: 1668.
Total: 2.017600 ms (FindLiveObjects: 0.336400 ms CreateObjectMapping: 0.043900 ms MarkObjects: 1.542800 ms  DeleteObjects: 0.093000 ms)

========================================================================
Received Import Request.
  path: Assets/Decrepit Dungeon LITE/Materials/Flame.mat
  artifactKey: Guid(e3aca7f17b83630409550de9dc736e58) Importer(815301076,1909f56bfc062723c751e8b465ee728b)
Start importing Assets/Decrepit Dungeon LITE/Materials/Flame.mat using Guid(e3aca7f17b83630409550de9dc736e58) Importer(815301076,1909f56bfc062723c751e8b465ee728b)  -> (artifact id: 'cac4dad9f16acb0053e6895544dd0c52') in 0.140841 seconds
  Import took 0.143911 seconds .

========================================================================
Received Import Request.
  Time since last request: 0.000298 seconds.
  path: Assets/Decrepit Dungeon LITE/Sound/03_Ingame_Background_Sound.mp3
  artifactKey: Guid(8a30e3cadcc8a4743a1cf6a1dcad1f7b) Importer(815301076,1909f56bfc062723c751e8b465ee728b)
Start importing Assets/Decrepit Dungeon LITE/Sound/03_Ingame_Background_Sound.mp3 using Guid(8a30e3cadcc8a4743a1cf6a1dcad1f7b) Importer(815301076,1909f56bfc062723c751e8b465ee728b)  -> (artifact id: '94b659eb04d176714c7f5daaff8a5fb1') in 0.072178 seconds
  Import took 0.074513 seconds .

========================================================================
Received Import Request.
  Time since last request: 0.000259 seconds.
  path: Assets/Decrepit Dungeon LITE/Sound/01_Main_Background_Sound.mp3
  artifactKey: Guid(54a5b136639d75b488b816e78c1dafdf) Importer(815301076,1909f56bfc062723c751e8b465ee728b)
Start importing Assets/Decrepit Dungeon LITE/Sound/01_Main_Background_Sound.mp3 using Guid(54a5b136639d75b488b816e78c1dafdf) Importer(815301076,1909f56bfc062723c751e8b465ee728b)  -> (artifact id: '7d3a3ebd3adbf7f260f4a8f1f1ead186') in 0.011709 seconds
  Import took 0.014126 seconds .

========================================================================
Received Import Request.
  Time since last request: 0.000212 seconds.
  path: Assets/Decrepit Dungeon LITE/Sound/04_Ingame_Effect_Death.wav
  artifactKey: Guid(279ce617acfd0054ca45b2fd84379c1b) Importer(815301076,1909f56bfc062723c751e8b465ee728b)
Start importing Assets/Decrepit Dungeon LITE/Sound/04_Ingame_Effect_Death.wav using Guid(279ce617acfd0054ca45b2fd84379c1b) Importer(815301076,1909f56bfc062723c751e8b465ee728b)  -> (artifact id: 'fe4c22e143786dc55573fe427b44986c') in 0.013986 seconds
  Import took 0.015997 seconds .

========================================================================
Received Import Request.
  Time since last request: 0.000249 seconds.
  path: Assets/Decrepit Dungeon LITE/Sound/괴물 공격할 때-1.mp3
  artifactKey: Guid(b9771597b87fa0941a13912e20f67ba5) Importer(815301076,1909f56bfc062723c751e8b465ee728b)
Start importing Assets/Decrepit Dungeon LITE/Sound/괴물 공격할 때-1.mp3 using Guid(b9771597b87fa0941a13912e20f67ba5) Importer(815301076,1909f56bfc062723c751e8b465ee728b)  -> (artifact id: '0d41914df5e2b608537f43c0285a257c') in 0.017122 seconds
  Import took 0.019716 seconds .

========================================================================
Received Import Request.
  Time since last request: 0.000323 seconds.
  path: Assets/Decrepit Dungeon LITE/Materials/Embers.mat
  artifactKey: Guid(4e3aabf312c834854934d5be35b4bd2e) Importer(815301076,1909f56bfc062723c751e8b465ee728b)
Start importing Assets/Decrepit Dungeon LITE/Materials/Embers.mat using Guid(4e3aabf312c834854934d5be35b4bd2e) Importer(815301076,1909f56bfc062723c751e8b465ee728b)  -> (artifact id: 'b2344145b4f235478a23bdc5b2eae0b5') in 0.045347 seconds
  Import took 0.047554 seconds .

========================================================================
Received Import Request.
  Time since last request: 0.000220 seconds.
  path: Assets/Decrepit Dungeon LITE/Materials/Ground.mat
  artifactKey: Guid(e467b2c511c614a309c8dc831ed2f174) Importer(815301076,1909f56bfc062723c751e8b465ee728b)
Start importing Assets/Decrepit Dungeon LITE/Materials/Ground.mat using Guid(e467b2c511c614a309c8dc831ed2f174) Importer(815301076,1909f56bfc062723c751e8b465ee728b)  -> (artifact id: 'c4a65cb819eb085c10dfc533289ed3e9') in 0.028294 seconds
  Import took 0.030410 seconds .

========================================================================
Received Import Request.
  Time since last request: 0.000226 seconds.
  path: Assets/Decrepit Dungeon LITE/Textures/Block_A.png
  artifactKey: Guid(cc29245f2cbd48147be7f9657fcfaa36) Importer(815301076,1909f56bfc062723c751e8b465ee728b)
Start importing Assets/Decrepit Dungeon LITE/Textures/Block_A.png using Guid(cc29245f2cbd48147be7f9657fcfaa36) Importer(815301076,1909f56bfc062723c751e8b465ee728b)  -> (artifact id: '2af6ef3d3e5eaa58c98727996abaa22a') in 0.034575 seconds
  Import took 0.036842 seconds .

========================================================================
Received Import Request.
  Time since last request: 0.000245 seconds.
  path: Assets/Decrepit Dungeon LITE/Sound/05_Ingame_Effect_Touch.mp3
  artifactKey: Guid(ad748eaf58cdef84fb156a117c85f984) Importer(815301076,1909f56bfc062723c751e8b465ee728b)
Start importing Assets/Decrepit Dungeon LITE/Sound/05_Ingame_Effect_Touch.mp3 using Guid(ad748eaf58cdef84fb156a117c85f984) Importer(815301076,1909f56bfc062723c751e8b465ee728b)  -> (artifact id: '3b2f52710b961bbc541111985b4f4530') in 0.011879 seconds
  Import took 0.013839 seconds .

========================================================================
Received Import Request.
  Time since last request: 0.000218 seconds.
  path: Assets/Decrepit Dungeon LITE/Textures/barrel_water.png
  artifactKey: Guid(6c70ff52a08eb74498f645e3865d5212) Importer(815301076,1909f56bfc062723c751e8b465ee728b)
Start importing Assets/Decrepit Dungeon LITE/Textures/barrel_water.png using Guid(6c70ff52a08eb74498f645e3865d5212) Importer(815301076,1909f56bfc062723c751e8b465ee728b)  -> (artifact id: '8aa2e847d2b3ce9b3bcea5ddbdead315') in 0.016055 seconds
  Import took 0.018074 seconds .

========================================================================
Received Import Request.
  Time since last request: 0.000266 seconds.
  path: Assets/Decrepit Dungeon LITE/Textures/barrellplank.png
  artifactKey: Guid(559af43c23c8942d2b30f3a7d9b8e6d9) Importer(815301076,1909f56bfc062723c751e8b465ee728b)
Start importing Assets/Decrepit Dungeon LITE/Textures/barrellplank.png using Guid(559af43c23c8942d2b30f3a7d9b8e6d9) Importer(815301076,1909f56bfc062723c751e8b465ee728b)  -> (artifact id: '2387717e5e1288a491ead07e5c7d3e9f') in 0.017257 seconds
  Import took 0.020337 seconds .

========================================================================
Received Import Request.
  Time since last request: 0.000290 seconds.
  path: Assets/Decrepit Dungeon LITE/Textures/Cement_A.png
  artifactKey: Guid(7eecb50e2673b7941912a83698b951d2) Importer(815301076,1909f56bfc062723c751e8b465ee728b)
Start importing Assets/Decrepit Dungeon LITE/Textures/Cement_A.png using Guid(7eecb50e2673b7941912a83698b951d2) Importer(815301076,1909f56bfc062723c751e8b465ee728b)  -> (artifact id: '71e3a394b85814737c4f337ff01b50ce') in 0.016894 seconds
  Import took 0.019242 seconds .

========================================================================
Received Import Request.
  Time since last request: 0.000276 seconds.
  path: Assets/Decrepit Dungeon LITE/Materials/Grunge_A.mat
  artifactKey: Guid(f0c57ec32e5515a4aa096515ccc94714) Importer(815301076,1909f56bfc062723c751e8b465ee728b)
Start importing Assets/Decrepit Dungeon LITE/Materials/Grunge_A.mat using Guid(f0c57ec32e5515a4aa096515ccc94714) Importer(815301076,1909f56bfc062723c751e8b465ee728b)  -> (artifact id: '4033265a2515ebe075c7d0b668b1a7c7') in 0.070187 seconds
  Import took 0.072537 seconds .

========================================================================
Received Import Request.
  Time since last request: 0.000230 seconds.
  path: Assets/Decrepit Dungeon LITE/Materials/GreenGlass.mat
  artifactKey: Guid(c82f309a0284d4ec7bdb8fb73b50492f) Importer(815301076,1909f56bfc062723c751e8b465ee728b)
Start importing Assets/Decrepit Dungeon LITE/Materials/GreenGlass.mat using Guid(c82f309a0284d4ec7bdb8fb73b50492f) Importer(815301076,1909f56bfc062723c751e8b465ee728b)  -> (artifact id: '1eb661f98ef26f2bffb56bfe777f745f') in 0.034580 seconds
  Import took 0.036714 seconds .

========================================================================
Received Import Request.
  Time since last request: 0.000236 seconds.
  path: Assets/Decrepit Dungeon LITE/Sound/02_Clear_Background_Sound.mp3
  artifactKey: Guid(a5654ff0d7a927b40a823281a9f14f89) Importer(815301076,1909f56bfc062723c751e8b465ee728b)
Start importing Assets/Decrepit Dungeon LITE/Sound/02_Clear_Background_Sound.mp3 using Guid(a5654ff0d7a927b40a823281a9f14f89) Importer(815301076,1909f56bfc062723c751e8b465ee728b)  -> (artifact id: '83aa3fb8dc02f4c11b2c3cd09bea4798') in 0.012124 seconds
  Import took 0.014744 seconds .

========================================================================
Received Import Request.
  Time since last request: 0.000295 seconds.
  path: Assets/Decrepit Dungeon LITE/Textures/emberseamless 1.png
  artifactKey: Guid(54cec9ef625274fce8cfcac17f183dc5) Importer(815301076,1909f56bfc062723c751e8b465ee728b)
Start importing Assets/Decrepit Dungeon LITE/Textures/emberseamless 1.png using Guid(54cec9ef625274fce8cfcac17f183dc5) Importer(815301076,1909f56bfc062723c751e8b465ee728b)  -> (artifact id: 'f912861616b560483ddedd26b4d9c831') in 0.017499 seconds
  Import took 0.019831 seconds .

========================================================================
Received Import Request.
  Time since last request: 0.000330 seconds.
  path: Assets/Decrepit Dungeon LITE/Textures/Block_A 1.png
  artifactKey: Guid(1647c2750b9430d41b8d062bd19977fd) Importer(815301076,1909f56bfc062723c751e8b465ee728b)
Start importing Assets/Decrepit Dungeon LITE/Textures/Block_A 1.png using Guid(1647c2750b9430d41b8d062bd19977fd) Importer(815301076,1909f56bfc062723c751e8b465ee728b)  -> (artifact id: '20c039b2f4b113caf1647aab47658ef5') in 0.017131 seconds
  Import took 0.019521 seconds .

========================================================================
Received Import Request.
  Time since last request: 0.000240 seconds.
  path: Assets/Decrepit Dungeon LITE/Sound/08_Ingame_Effect_Run.mp3
  artifactKey: Guid(dc73c772497dd3043b54bced3c19acc3) Importer(815301076,1909f56bfc062723c751e8b465ee728b)
Start importing Assets/Decrepit Dungeon LITE/Sound/08_Ingame_Effect_Run.mp3 using Guid(dc73c772497dd3043b54bced3c19acc3) Importer(815301076,1909f56bfc062723c751e8b465ee728b)  -> (artifact id: 'af534d997829a4283dce5a4e7f87a022') in 0.012576 seconds
  Import took 0.015240 seconds .

========================================================================
Received Import Request.
  Time since last request: 0.000255 seconds.
  path: Assets/Decrepit Dungeon LITE/Sound/10_Ingame_Effect_Trap.mp3
  artifactKey: Guid(e49f55c50f2848946b61eb10ce5c9f0a) Importer(815301076,1909f56bfc062723c751e8b465ee728b)
Start importing Assets/Decrepit Dungeon LITE/Sound/10_Ingame_Effect_Trap.mp3 using Guid(e49f55c50f2848946b61eb10ce5c9f0a) Importer(815301076,1909f56bfc062723c751e8b465ee728b)  -> (artifact id: 'c2911dfa5e7e31d2f3069f4fdfd215cd') in 0.011143 seconds
  Import took 0.013436 seconds .

========================================================================
Received Import Request.
  Time since last request: 0.000269 seconds.
  path: Assets/Decrepit Dungeon LITE/Textures/Antler.png
  artifactKey: Guid(ba60d70093b3745828311edfd420b639) Importer(815301076,1909f56bfc062723c751e8b465ee728b)
Start importing Assets/Decrepit Dungeon LITE/Textures/Antler.png using Guid(ba60d70093b3745828311edfd420b639) Importer(815301076,1909f56bfc062723c751e8b465ee728b)  -> (artifact id: 'aa844eebc7b5ca0bb7969a9deb23c519') in 0.018386 seconds
  Import took 0.020596 seconds .

========================================================================
Received Import Request.
  Time since last request: 0.000320 seconds.
  path: Assets/Decrepit Dungeon LITE/Textures/Detail.png
  artifactKey: Guid(4e3779e0841aed74e84a2027a3b5bfac) Importer(815301076,1909f56bfc062723c751e8b465ee728b)
Start importing Assets/Decrepit Dungeon LITE/Textures/Detail.png using Guid(4e3779e0841aed74e84a2027a3b5bfac) Importer(815301076,1909f56bfc062723c751e8b465ee728b)  -> (artifact id: '4f2b3624dface95b05345b8866d5cc8d') in 0.012223 seconds
  Import took 0.014666 seconds .

========================================================================
Received Import Request.
  Time since last request: 0.000380 seconds.
  path: Assets/Decrepit Dungeon LITE/Materials/flow.mat
  artifactKey: Guid(4d5f3edcb40581848a16fbc1551f3eba) Importer(815301076,1909f56bfc062723c751e8b465ee728b)
Start importing Assets/Decrepit Dungeon LITE/Materials/flow.mat using Guid(4d5f3edcb40581848a16fbc1551f3eba) Importer(815301076,1909f56bfc062723c751e8b465ee728b)  -> (artifact id: '1d33f1115c4383590bf8f5e7a8aff2d4') in 0.030256 seconds
  Import took 0.032970 seconds .

========================================================================
Received Import Request.
  Time since last request: 0.000241 seconds.
  path: Assets/Decrepit Dungeon LITE/Textures/Antler 1.png
  artifactKey: Guid(0d99ba8ad30c647d588a11157c9abd07) Importer(815301076,1909f56bfc062723c751e8b465ee728b)
Start importing Assets/Decrepit Dungeon LITE/Textures/Antler 1.png using Guid(0d99ba8ad30c647d588a11157c9abd07) Importer(815301076,1909f56bfc062723c751e8b465ee728b)  -> (artifact id: '768359feab4ec3b395d87fc23ac8a26a') in 0.016793 seconds
  Import took 0.019089 seconds .

========================================================================
Received Import Request.
  Time since last request: 0.000238 seconds.
  path: Assets/Decrepit Dungeon LITE/Sound/06_Ingame_Effect_Light.mp3
  artifactKey: Guid(f23972a509e1ecd419dda7ae5efdd3ed) Importer(815301076,1909f56bfc062723c751e8b465ee728b)
Start importing Assets/Decrepit Dungeon LITE/Sound/06_Ingame_Effect_Light.mp3 using Guid(f23972a509e1ecd419dda7ae5efdd3ed) Importer(815301076,1909f56bfc062723c751e8b465ee728b)  -> (artifact id: '4350eaf3c7d19000d5f48c134f2cda0b') in 0.011058 seconds
  Import took 0.013326 seconds .

========================================================================
Received Import Request.
  Time since last request: 0.000255 seconds.
  path: Assets/Decrepit Dungeon LITE/Sound/12_Ingame_Effect_AroundMonster02.mp3
  artifactKey: Guid(a93f7801f3d16aa4597d6b4d2074e33d) Importer(815301076,1909f56bfc062723c751e8b465ee728b)
Start importing Assets/Decrepit Dungeon LITE/Sound/12_Ingame_Effect_AroundMonster02.mp3 using Guid(a93f7801f3d16aa4597d6b4d2074e33d) Importer(815301076,1909f56bfc062723c751e8b465ee728b)  -> (artifact id: '8fcce37f49c012cae67cae75d92abca3') in 0.011652 seconds
  Import took 0.013644 seconds .

========================================================================
Received Import Request.
  Time since last request: 0.000262 seconds.
  path: Assets/Decrepit Dungeon LITE/Sound/13_Ingame_Effect_AttackMonster01.wav.mp3
  artifactKey: Guid(d61fbcefca15af445991370d55768a59) Importer(815301076,1909f56bfc062723c751e8b465ee728b)
Start importing Assets/Decrepit Dungeon LITE/Sound/13_Ingame_Effect_AttackMonster01.wav.mp3 using Guid(d61fbcefca15af445991370d55768a59) Importer(815301076,1909f56bfc062723c751e8b465ee728b)  -> (artifact id: 'b0db68f8fb010511420d8e99d3cabe2f') in 0.013045 seconds
  Import took 0.015392 seconds .

========================================================================
Received Import Request.
  Time since last request: 0.000294 seconds.
  path: Assets/Decrepit Dungeon LITE/Textures/barrellplank 1.png
  artifactKey: Guid(068fb2c428289419f99f873b1febb57b) Importer(815301076,1909f56bfc062723c751e8b465ee728b)
Start importing Assets/Decrepit Dungeon LITE/Textures/barrellplank 1.png using Guid(068fb2c428289419f99f873b1febb57b) Importer(815301076,1909f56bfc062723c751e8b465ee728b)  -> (artifact id: '16e739c5777ea09cd6ac089f2f5947ce') in 0.016286 seconds
  Import took 0.018425 seconds .

========================================================================
Received Import Request.
  Time since last request: 0.000252 seconds.
  path: Assets/Decrepit Dungeon LITE/Textures/Cement_B_NRM.png
  artifactKey: Guid(23125a51be1a15c45b06228cd65a8e1a) Importer(815301076,1909f56bfc062723c751e8b465ee728b)
Start importing Assets/Decrepit Dungeon LITE/Textures/Cement_B_NRM.png using Guid(23125a51be1a15c45b06228cd65a8e1a) Importer(815301076,1909f56bfc062723c751e8b465ee728b)  -> (artifact id: '3f1d9b5487577660584a6570c7f3c93e') in 0.017053 seconds
  Import took 0.019155 seconds .

========================================================================
Received Import Request.
  Time since last request: 0.000237 seconds.
  path: Assets/Decrepit Dungeon LITE/Textures/Bricks_NRM.png
  artifactKey: Guid(fb9dd8cd7559cc3499bc9f93948315fd) Importer(815301076,1909f56bfc062723c751e8b465ee728b)
Start importing Assets/Decrepit Dungeon LITE/Textures/Bricks_NRM.png using Guid(fb9dd8cd7559cc3499bc9f93948315fd) Importer(815301076,1909f56bfc062723c751e8b465ee728b)  -> (artifact id: '7d134bc4d20a86aaf5b7d33c8257414a') in 0.018632 seconds
  Import took 0.020697 seconds .

========================================================================
Received Import Request.
  Time since last request: 0.000247 seconds.
  path: Assets/Decrepit Dungeon LITE/Textures/deer_hide.png
  artifactKey: Guid(b9dff128d41494c7680645b5194862c2) Importer(815301076,1909f56bfc062723c751e8b465ee728b)
Start importing Assets/Decrepit Dungeon LITE/Textures/deer_hide.png using Guid(b9dff128d41494c7680645b5194862c2) Importer(815301076,1909f56bfc062723c751e8b465ee728b)  -> (artifact id: 'd293bd014c8490ae92a33195b89bcac1') in 0.019898 seconds
  Import took 0.022419 seconds .

========================================================================
Received Import Request.
  Time since last request: 0.000226 seconds.
  path: Assets/Decrepit Dungeon LITE/Textures/Bricks.png
  artifactKey: Guid(80d0f9e3952a7c94dbdb63e6181af161) Importer(815301076,1909f56bfc062723c751e8b465ee728b)
Start importing Assets/Decrepit Dungeon LITE/Textures/Bricks.png using Guid(80d0f9e3952a7c94dbdb63e6181af161) Importer(815301076,1909f56bfc062723c751e8b465ee728b)  -> (artifact id: 'd6f559472e79c299e220ffdf37590e73') in 0.019237 seconds
  Import took 0.021215 seconds .

========================================================================
Received Import Request.
  Time since last request: 0.000248 seconds.
  path: Assets/Decrepit Dungeon LITE/Textures/Cement_A_NRM.png
  artifactKey: Guid(e8458bbdb96bad8489f99fa159e0a199) Importer(815301076,1909f56bfc062723c751e8b465ee728b)
Start importing Assets/Decrepit Dungeon LITE/Textures/Cement_A_NRM.png using Guid(e8458bbdb96bad8489f99fa159e0a199) Importer(815301076,1909f56bfc062723c751e8b465ee728b)  -> (artifact id: '9937b681e9e8a8a2e6b3f7d676af3d7b') in 0.018141 seconds
  Import took 0.020573 seconds .

========================================================================
Received Import Request.
  Time since last request: 0.000265 seconds.
  path: Assets/Decrepit Dungeon LITE/Materials/FoxPelt.mat
  artifactKey: Guid(0b7ac087fb3fe4607b53754c79624a62) Importer(815301076,1909f56bfc062723c751e8b465ee728b)
Start importing Assets/Decrepit Dungeon LITE/Materials/FoxPelt.mat using Guid(0b7ac087fb3fe4607b53754c79624a62) Importer(815301076,1909f56bfc062723c751e8b465ee728b)  -> (artifact id: 'b2858d429e62a50f0869ba92958e1268') in 0.027911 seconds
  Import took 0.030279 seconds .

========================================================================
Received Import Request.
  Time since last request: 0.000250 seconds.
  path: Assets/Decrepit Dungeon LITE/Textures/Cement_A_NRM.png
  artifactKey: Guid(e8458bbdb96bad8489f99fa159e0a199) Importer(815301076,1909f56bfc062723c751e8b465ee728b)
Start importing Assets/Decrepit Dungeon LITE/Textures/Cement_A_NRM.png using Guid(e8458bbdb96bad8489f99fa159e0a199) Importer(815301076,1909f56bfc062723c751e8b465ee728b)  -> (artifact id: '9937b681e9e8a8a2e6b3f7d676af3d7b') in 0.010130 seconds
  Import took 0.012701 seconds .

========================================================================
Received Import Request.
  Time since last request: 0.000269 seconds.
  path: Assets/Decrepit Dungeon LITE/Sound/16_Ingame_Effect_Trap3.mp3
  artifactKey: Guid(5dbf3d25766e50848b0e58aca2b7f228) Importer(815301076,1909f56bfc062723c751e8b465ee728b)
Start importing Assets/Decrepit Dungeon LITE/Sound/16_Ingame_Effect_Trap3.mp3 using Guid(5dbf3d25766e50848b0e58aca2b7f228) Importer(815301076,1909f56bfc062723c751e8b465ee728b)  -> (artifact id: '026646952c8ad47dda6c6b8c521b5e75') in 0.011741 seconds
  Import took 0.013908 seconds .

========================================================================
Received Import Request.
  Time since last request: 0.000240 seconds.
  path: Assets/Decrepit Dungeon LITE/Textures/Cork.png
  artifactKey: Guid(10427bb25171244629a5dbd5563252e2) Importer(815301076,1909f56bfc062723c751e8b465ee728b)
Start importing Assets/Decrepit Dungeon LITE/Textures/Cork.png using Guid(10427bb25171244629a5dbd5563252e2) Importer(815301076,1909f56bfc062723c751e8b465ee728b)  -> (artifact id: '2dcfeceba04fd641008565ee12bd5d60') in 0.017059 seconds
  Import took 0.019311 seconds .

========================================================================
Received Import Request.
  Time since last request: 0.000212 seconds.
  path: Assets/Decrepit Dungeon LITE/Textures/Death.png
  artifactKey: Guid(0e14cbbcca3a6e44283fdccc1be94e31) Importer(815301076,1909f56bfc062723c751e8b465ee728b)
Start importing Assets/Decrepit Dungeon LITE/Textures/Death.png using Guid(0e14cbbcca3a6e44283fdccc1be94e31) Importer(815301076,1909f56bfc062723c751e8b465ee728b)  -> (artifact id: '49d7e4e2f1e9d620bc3df2a16a685f6e') in 0.028844 seconds
  Import took 0.030859 seconds .

========================================================================
Received Import Request.
  Time since last request: 0.000325 seconds.
  path: Assets/Decrepit Dungeon LITE/Textures/Detail_NRM.png
  artifactKey: Guid(1de2dd8c03fbd294d841468e9a90d55a) Importer(815301076,1909f56bfc062723c751e8b465ee728b)
Start importing Assets/Decrepit Dungeon LITE/Textures/Detail_NRM.png using Guid(1de2dd8c03fbd294d841468e9a90d55a) Importer(815301076,1909f56bfc062723c751e8b465ee728b)  -> (artifact id: 'c98cdf0535edb5dda19b96d9d6d6eccd') in 0.012040 seconds
  Import took 0.014662 seconds .

========================================================================
Received Import Request.
  Time since last request: 0.000251 seconds.
  path: Assets/Decrepit Dungeon LITE/Materials/Embers 1.mat
  artifactKey: Guid(251ccdd2c43164448b0eb4966e389bc5) Importer(815301076,1909f56bfc062723c751e8b465ee728b)
Start importing Assets/Decrepit Dungeon LITE/Materials/Embers 1.mat using Guid(251ccdd2c43164448b0eb4966e389bc5) Importer(815301076,1909f56bfc062723c751e8b465ee728b)  -> (artifact id: '9accd15479e9880a9a739b33e436374e') in 0.020749 seconds
  Import took 0.022923 seconds .

========================================================================
Received Import Request.
  Time since last request: 0.000273 seconds.
  path: Assets/Decrepit Dungeon LITE/Sound/09_Ingame_Effect_OpenDoor2.mp3
  artifactKey: Guid(fcb4728d5c2cf9149b0f2f0a84ffd350) Importer(815301076,1909f56bfc062723c751e8b465ee728b)
Start importing Assets/Decrepit Dungeon LITE/Sound/09_Ingame_Effect_OpenDoor2.mp3 using Guid(fcb4728d5c2cf9149b0f2f0a84ffd350) Importer(815301076,1909f56bfc062723c751e8b465ee728b)  -> (artifact id: '8701a3ebfcc4384223af3465092e2c89') in 0.011935 seconds
  Import took 0.014390 seconds .

========================================================================
Received Import Request.
  Time since last request: 0.000261 seconds.
  path: Assets/Decrepit Dungeon LITE/Sound/괴물 기본-2.mp3
  artifactKey: Guid(111a6a5ea65f8d344803e9fd9a873cf9) Importer(815301076,1909f56bfc062723c751e8b465ee728b)
Start importing Assets/Decrepit Dungeon LITE/Sound/괴물 기본-2.mp3 using Guid(111a6a5ea65f8d344803e9fd9a873cf9) Importer(815301076,1909f56bfc062723c751e8b465ee728b)  -> (artifact id: '5b724a7124ee9fda8de4ad4a8fd76c37') in 0.015925 seconds
  Import took 0.018462 seconds .

========================================================================
Received Import Request.
  Time since last request: 0.000262 seconds.
  path: Assets/Decrepit Dungeon LITE/Textures/Cork 1.png
  artifactKey: Guid(9f57d8edd3b604f0b9bd0a4433171bb8) Importer(815301076,1909f56bfc062723c751e8b465ee728b)
Start importing Assets/Decrepit Dungeon LITE/Textures/Cork 1.png using Guid(9f57d8edd3b604f0b9bd0a4433171bb8) Importer(815301076,1909f56bfc062723c751e8b465ee728b)  -> (artifact id: '83fd829ea55f08481745c90b1ee6864e') in 0.017222 seconds
  Import took 0.019328 seconds .

========================================================================
Received Import Request.
  Time since last request: 0.000247 seconds.
  path: Assets/Decrepit Dungeon LITE/Materials/DeerHide.mat
  artifactKey: Guid(5004c0d1ea867427e8577e7b69f966e8) Importer(815301076,1909f56bfc062723c751e8b465ee728b)
Start importing Assets/Decrepit Dungeon LITE/Materials/DeerHide.mat using Guid(5004c0d1ea867427e8577e7b69f966e8) Importer(815301076,1909f56bfc062723c751e8b465ee728b)  -> (artifact id: '3f56b487d14bedc8ef8a90e3387f3501') in 0.023269 seconds
  Import took 0.025463 seconds .

========================================================================
Received Import Request.
  Time since last request: 0.000245 seconds.
  path: Assets/Decrepit Dungeon LITE/Sound/15_Ingame_Effect_Trap2.mp3
  artifactKey: Guid(ec2a194fb1ed9a1449418c67f1015430) Importer(815301076,1909f56bfc062723c751e8b465ee728b)
Start importing Assets/Decrepit Dungeon LITE/Sound/15_Ingame_Effect_Trap2.mp3 using Guid(ec2a194fb1ed9a1449418c67f1015430) Importer(815301076,1909f56bfc062723c751e8b465ee728b)  -> (artifact id: '4b18d3ddab5461a5293bd6d545591b3c') in 0.011711 seconds
  Import took 0.014000 seconds .

========================================================================
Received Import Request.
  Time since last request: 0.000278 seconds.
  path: Assets/Decrepit Dungeon LITE/Textures/Cement_B.png
  artifactKey: Guid(31560fb5c67b7284e9e41df740b8cb1b) Importer(815301076,1909f56bfc062723c751e8b465ee728b)
Start importing Assets/Decrepit Dungeon LITE/Textures/Cement_B.png using Guid(31560fb5c67b7284e9e41df740b8cb1b) Importer(815301076,1909f56bfc062723c751e8b465ee728b)  -> (artifact id: '9afa84346539c6596158146d0378da39') in 0.014729 seconds
  Import took 0.017029 seconds .

========================================================================
Received Import Request.
  Time since last request: 0.000260 seconds.
  path: Assets/Decrepit Dungeon LITE/Sound/14_Ingame_Effect_AttackMonster02.wav.mp3
  artifactKey: Guid(55db2fbbb8fcb314698214f8940007c9) Importer(815301076,1909f56bfc062723c751e8b465ee728b)
Start importing Assets/Decrepit Dungeon LITE/Sound/14_Ingame_Effect_AttackMonster02.wav.mp3 using Guid(55db2fbbb8fcb314698214f8940007c9) Importer(815301076,1909f56bfc062723c751e8b465ee728b)  -> (artifact id: 'f36ae1c915421d2b13dca6a8155ea192') in 0.011950 seconds
  Import took 0.013949 seconds .

========================================================================
Received Import Request.
  Time since last request: 0.000229 seconds.
  path: Assets/Decrepit Dungeon LITE/Materials/Embossed Rust.mat
  artifactKey: Guid(b597a9645cce5420da0e86926cbdef90) Importer(815301076,1909f56bfc062723c751e8b465ee728b)
Start importing Assets/Decrepit Dungeon LITE/Materials/Embossed Rust.mat using Guid(b597a9645cce5420da0e86926cbdef90) Importer(815301076,1909f56bfc062723c751e8b465ee728b)  -> (artifact id: '3d45afab1ece0b18b14d7c919f93acc2') in 0.026223 seconds
  Import took 0.028230 seconds .

========================================================================
Received Import Request.
  Time since last request: 0.000263 seconds.
  path: Assets/Decrepit Dungeon LITE/Sound/07_Ingame_Effect_Walking.mp3
  artifactKey: Guid(84ed9e60acfbd45418f01e1692f00d81) Importer(815301076,1909f56bfc062723c751e8b465ee728b)
Start importing Assets/Decrepit Dungeon LITE/Sound/07_Ingame_Effect_Walking.mp3 using Guid(84ed9e60acfbd45418f01e1692f00d81) Importer(815301076,1909f56bfc062723c751e8b465ee728b)  -> (artifact id: '25bbaf46e46f15dad6707654f2b2c22c') in 0.011515 seconds
  Import took 0.013995 seconds .

========================================================================
Received Import Request.
  Time since last request: 0.000297 seconds.
  path: Assets/Decrepit Dungeon LITE/Sound/11_Ingame_Effect_AroundMonster.mp3
  artifactKey: Guid(912c59279154326449cfb78c8189e194) Importer(815301076,1909f56bfc062723c751e8b465ee728b)
Start importing Assets/Decrepit Dungeon LITE/Sound/11_Ingame_Effect_AroundMonster.mp3 using Guid(912c59279154326449cfb78c8189e194) Importer(815301076,1909f56bfc062723c751e8b465ee728b)  -> (artifact id: 'c08a4fc4c0247178160501f34d1a0a80') in 0.016133 seconds
  Import took 0.018401 seconds .

========================================================================
Received Import Request.
  Time since last request: 0.000320 seconds.
  path: Assets/Decrepit Dungeon LITE/Materials/Cork.mat
  artifactKey: Guid(aa4c7715defd54145885b3166de802d4) Importer(815301076,1909f56bfc062723c751e8b465ee728b)
Start importing Assets/Decrepit Dungeon LITE/Materials/Cork.mat using Guid(aa4c7715defd54145885b3166de802d4) Importer(815301076,1909f56bfc062723c751e8b465ee728b)  -> (artifact id: '51ae2df2ad3ff0aa392c622fbf28ed4e') in 0.015616 seconds
  Import took 0.018033 seconds .

========================================================================
Received Import Request.
  Time since last request: 0.000201 seconds.
  path: Assets/Decrepit Dungeon LITE/Textures/deer_hide 1.png
  artifactKey: Guid(be54e29542a9d47f0a718683bc6f4d9b) Importer(815301076,1909f56bfc062723c751e8b465ee728b)
Start importing Assets/Decrepit Dungeon LITE/Textures/deer_hide 1.png using Guid(be54e29542a9d47f0a718683bc6f4d9b) Importer(815301076,1909f56bfc062723c751e8b465ee728b)  -> (artifact id: 'ecd1918a32a96b8a20eee0aced4917fb') in 0.012260 seconds
  Import took 0.014324 seconds .

========================================================================
Received Import Request.
  Time since last request: 7.649143 seconds.
  path: Assets/DreamForestTree/PostProcessing/Runtime/Components/AmbientOcclusionComponent.cs
  artifactKey: Guid(c6e33ce72d3776b408121f946283403d) Importer(815301076,1909f56bfc062723c751e8b465ee728b)
Start importing Assets/DreamForestTree/PostProcessing/Runtime/Components/AmbientOcclusionComponent.cs using Guid(c6e33ce72d3776b408121f946283403d) Importer(815301076,1909f56bfc062723c751e8b465ee728b)  -> (artifact id: 'ee1d064f9b83d6029852e90d75c653a9') in 0.014584 seconds
  Import took 0.016867 seconds .

========================================================================
Received Import Request.
  Time since last request: 0.014187 seconds.
  path: Assets/DreamForestTree/PostProcessing/Runtime/Components/AmbientOcclusionComponent.cs
  artifactKey: Guid(c6e33ce72d3776b408121f946283403d) Importer(815301076,1909f56bfc062723c751e8b465ee728b)
Start importing Assets/DreamForestTree/PostProcessing/Runtime/Components/AmbientOcclusionComponent.cs using Guid(c6e33ce72d3776b408121f946283403d) Importer(815301076,1909f56bfc062723c751e8b465ee728b)  -> (artifact id: 'ee1d064f9b83d6029852e90d75c653a9') in 0.002677 seconds
  Import took 0.004429 seconds .

========================================================================
Received Import Request.
  Time since last request: 2.133651 seconds.
  path: Assets/Plugins/Demigiant/DOTween/DOTween.dll
  artifactKey: Guid(a811bde74b26b53498b4f6d872b09b6d) Importer(815301076,1909f56bfc062723c751e8b465ee728b)
Start importing Assets/Plugins/Demigiant/DOTween/DOTween.dll using Guid(a811bde74b26b53498b4f6d872b09b6d) Importer(815301076,1909f56bfc062723c751e8b465ee728b)  -> (artifact id: '71e63931c2ab8834b5b9dbd1d748ebb1') in 0.013239 seconds
  Import took 0.015659 seconds .

========================================================================
Received Import Request.
  Time since last request: 0.769377 seconds.
  path: Assets/Decrepit Dungeon LITE/Script/Manager/Effect_Check.cs
  artifactKey: Guid(941e0068a967a8b4eaea65a9369169f1) Importer(815301076,1909f56bfc062723c751e8b465ee728b)
Start importing Assets/Decrepit Dungeon LITE/Script/Manager/Effect_Check.cs using Guid(941e0068a967a8b4eaea65a9369169f1) Importer(815301076,1909f56bfc062723c751e8b465ee728b)  -> (artifact id: '49f5f5067afd782099508ef5120c49f4') in 0.007848 seconds
  Import took 0.010234 seconds .

========================================================================
Received Import Request.
  Time since last request: 27.961810 seconds.
  path: Assets/Decrepit Dungeon LITE/Script/Stage/Clear.cs
  artifactKey: Guid(95d1127eebe5ea848bd74951e15fb88a) Importer(815301076,1909f56bfc062723c751e8b465ee728b)
Start importing Assets/Decrepit Dungeon LITE/Script/Stage/Clear.cs using Guid(95d1127eebe5ea848bd74951e15fb88a) Importer(815301076,1909f56bfc062723c751e8b465ee728b)  -> (artifact id: 'b1ee6e4193a6d7694817f057c72d942e') in 0.006153 seconds
  Import took 0.008517 seconds .

========================================================================
Received Import Request.
  Time since last request: 0.001043 seconds.
  path: Assets/Decrepit Dungeon LITE/Script/Stage/Clear.cs
  artifactKey: Guid(95d1127eebe5ea848bd74951e15fb88a) Importer(815301076,1909f56bfc062723c751e8b465ee728b)
Start importing Assets/Decrepit Dungeon LITE/Script/Stage/Clear.cs using Guid(95d1127eebe5ea848bd74951e15fb88a) Importer(815301076,1909f56bfc062723c751e8b465ee728b)  -> (artifact id: 'b1ee6e4193a6d7694817f057c72d942e') in 0.002980 seconds
  Import took 0.005065 seconds .

========================================================================
Received Prepare
Registering precompiled user dll's ...
Registered in 0.002395 seconds.
Begin MonoManager ReloadAssembly
Native extension for WindowsStandalone target not found
Refreshing native plugins compatible for Editor in 0.34 ms, found 0 plugins.
Preloading 0 native plugins for Editor in 0.00 ms.
Invoked RoslynAnalysisRunner static constructor.
RoslynAnalysisRunner will not be running.
RoslynAnalysisRunner has terminated.
Mono: successfully reloaded assembly
- Completed reload, in  0.733 seconds
Platform modules already initialized, skipping
Shader 'Custom/Water': fallback shader 'Legacy Shaders/Transparent/Vertexlit' not found
Refreshing native plugins compatible for Editor in 0.34 ms, found 0 plugins.
Preloading 0 native plugins for Editor in 0.00 ms.
Unloading 1192 Unused Serialized files (Serialized files now loaded: 0)
System memory in use before: 68.2 MB.
System memory in use after: 68.3 MB.

Unloading 7 unused Assets to reduce memory usage. Loaded Objects now: 1719.
Total: 1.736100 ms (FindLiveObjects: 0.268300 ms CreateObjectMapping: 0.041400 ms MarkObjects: 1.357100 ms  DeleteObjects: 0.068400 ms)

